2016-09-19T22:31:27+00:00 ERR (3): Warning: Invalid argument supplied for foreach()  in /chroot/home/transfor/numanna.transformagency.com/html/lib/Varien/Data/Form/Element/Editor.php on line 225
2016-09-19T22:32:38+00:00 ERR (3): Warning: Invalid argument supplied for foreach()  in /chroot/home/transfor/numanna.transformagency.com/html/lib/Varien/Data/Form/Element/Editor.php on line 225
2016-09-19T22:32:56+00:00 ERR (3): Warning: Invalid argument supplied for foreach()  in /chroot/home/transfor/numanna.transformagency.com/html/lib/Varien/Data/Form/Element/Editor.php on line 225
2016-09-19T22:59:31+00:00 ERR (3): Warning: Invalid argument supplied for foreach()  in /chroot/home/transfor/numanna.transformagency.com/html/lib/Varien/Data/Form/Element/Editor.php on line 225
2016-09-19T22:59:58+00:00 ERR (3): Warning: Invalid argument supplied for foreach()  in /chroot/home/transfor/numanna.transformagency.com/html/lib/Varien/Data/Form/Element/Editor.php on line 225
2016-09-19T23:03:24+00:00 ERR (3): Warning: Invalid argument supplied for foreach()  in /chroot/home/transfor/numanna.transformagency.com/html/lib/Varien/Data/Form/Element/Editor.php on line 225
2016-09-19T23:03:40+00:00 ERR (3): Warning: Invalid argument supplied for foreach()  in /chroot/home/transfor/numanna.transformagency.com/html/lib/Varien/Data/Form/Element/Editor.php on line 225
2016-09-19T23:04:40+00:00 ERR (3): Warning: Invalid argument supplied for foreach()  in /chroot/home/transfor/numanna.transformagency.com/html/lib/Varien/Data/Form/Element/Editor.php on line 225
2016-09-19T23:04:42+00:00 ERR (3): Warning: Invalid argument supplied for foreach()  in /chroot/home/transfor/numanna.transformagency.com/html/lib/Varien/Data/Form/Element/Editor.php on line 225
2016-09-19T23:04:44+00:00 ERR (3): Warning: Invalid argument supplied for foreach()  in /chroot/home/transfor/numanna.transformagency.com/html/lib/Varien/Data/Form/Element/Editor.php on line 225
2016-09-19T23:04:49+00:00 ERR (3): Warning: Invalid argument supplied for foreach()  in /chroot/home/transfor/numanna.transformagency.com/html/lib/Varien/Data/Form/Element/Editor.php on line 225
2016-09-19T23:04:50+00:00 ERR (3): Warning: Invalid argument supplied for foreach()  in /chroot/home/transfor/numanna.transformagency.com/html/lib/Varien/Data/Form/Element/Editor.php on line 225
2016-09-19T23:04:52+00:00 ERR (3): Warning: Invalid argument supplied for foreach()  in /chroot/home/transfor/numanna.transformagency.com/html/lib/Varien/Data/Form/Element/Editor.php on line 225
2016-09-19T23:04:54+00:00 ERR (3): Warning: Invalid argument supplied for foreach()  in /chroot/home/transfor/numanna.transformagency.com/html/lib/Varien/Data/Form/Element/Editor.php on line 225
2016-09-19T23:04:56+00:00 ERR (3): Warning: Invalid argument supplied for foreach()  in /chroot/home/transfor/numanna.transformagency.com/html/lib/Varien/Data/Form/Element/Editor.php on line 225
2016-09-19T23:04:59+00:00 ERR (3): Warning: Invalid argument supplied for foreach()  in /chroot/home/transfor/numanna.transformagency.com/html/lib/Varien/Data/Form/Element/Editor.php on line 225
2016-09-19T23:05:21+00:00 ERR (3): Warning: Invalid argument supplied for foreach()  in /chroot/home/transfor/numanna.transformagency.com/html/lib/Varien/Data/Form/Element/Editor.php on line 225
2016-09-20T14:32:51+00:00 ERR (3): Warning: Invalid argument supplied for foreach()  in /chroot/home/transfor/numanna.transformagency.com/html/lib/Varien/Data/Form/Element/Editor.php on line 225
2016-09-20T14:33:09+00:00 ERR (3): Warning: Invalid argument supplied for foreach()  in /chroot/home/transfor/numanna.transformagency.com/html/lib/Varien/Data/Form/Element/Editor.php on line 225
2016-09-20T14:34:16+00:00 ERR (3): Warning: Invalid argument supplied for foreach()  in /chroot/home/transfor/numanna.transformagency.com/html/lib/Varien/Data/Form/Element/Editor.php on line 225
2016-09-20T14:42:28+00:00 ERR (3): Warning: Invalid argument supplied for foreach()  in /chroot/home/transfor/numanna.transformagency.com/html/lib/Varien/Data/Form/Element/Editor.php on line 225
2016-09-20T15:12:49+00:00 ERR (3): Warning: Invalid argument supplied for foreach()  in /chroot/home/transfor/numanna.transformagency.com/html/lib/Varien/Data/Form/Element/Editor.php on line 225
2016-09-20T15:16:28+00:00 ERR (3): Warning: Invalid argument supplied for foreach()  in /chroot/home/transfor/numanna.transformagency.com/html/lib/Varien/Data/Form/Element/Editor.php on line 225
2016-09-20T15:16:45+00:00 ERR (3): Warning: Invalid argument supplied for foreach()  in /chroot/home/transfor/numanna.transformagency.com/html/lib/Varien/Data/Form/Element/Editor.php on line 225
2016-09-20T15:16:55+00:00 ERR (3): Warning: Invalid argument supplied for foreach()  in /chroot/home/transfor/numanna.transformagency.com/html/lib/Varien/Data/Form/Element/Editor.php on line 225
2016-09-20T19:55:31+00:00 CRIT (2): Not valid template file:frontend/base/default/template/newsletter/subscribe-slider.phtml
2016-09-20T22:05:32+00:00 ERR (3): Warning: Invalid argument supplied for foreach()  in /chroot/home/transfor/numanna.transformagency.com/html/lib/Varien/Data/Form/Element/Editor.php on line 225
2016-09-20T22:06:17+00:00 ERR (3): Warning: Invalid argument supplied for foreach()  in /chroot/home/transfor/numanna.transformagency.com/html/lib/Varien/Data/Form/Element/Editor.php on line 225
2016-09-20T22:09:13+00:00 ERR (3): Warning: Invalid argument supplied for foreach()  in /chroot/home/transfor/numanna.transformagency.com/html/lib/Varien/Data/Form/Element/Editor.php on line 225
2016-09-20T22:09:25+00:00 ERR (3): Warning: Invalid argument supplied for foreach()  in /chroot/home/transfor/numanna.transformagency.com/html/lib/Varien/Data/Form/Element/Editor.php on line 225
2016-09-21T20:37:02+00:00 ERR (3): Warning: Invalid argument supplied for foreach()  in /chroot/home/transfor/numanna.transformagency.com/html/lib/Varien/Data/Form/Element/Editor.php on line 225
2016-09-21T20:45:45+00:00 ERR (3): Warning: Invalid argument supplied for foreach()  in /chroot/home/transfor/numanna.transformagency.com/html/lib/Varien/Data/Form/Element/Editor.php on line 225
2016-09-21T20:46:54+00:00 ERR (3): Warning: Invalid argument supplied for foreach()  in /chroot/home/transfor/numanna.transformagency.com/html/lib/Varien/Data/Form/Element/Editor.php on line 225
2016-09-21T20:49:09+00:00 ERR (3): Warning: Invalid argument supplied for foreach()  in /chroot/home/transfor/numanna.transformagency.com/html/lib/Varien/Data/Form/Element/Editor.php on line 225
2016-09-21T20:50:01+00:00 ERR (3): Warning: Invalid argument supplied for foreach()  in /chroot/home/transfor/numanna.transformagency.com/html/lib/Varien/Data/Form/Element/Editor.php on line 225
2016-09-21T20:52:02+00:00 ERR (3): Warning: Invalid argument supplied for foreach()  in /chroot/home/transfor/numanna.transformagency.com/html/lib/Varien/Data/Form/Element/Editor.php on line 225
2016-09-21T20:52:33+00:00 ERR (3): Warning: Invalid argument supplied for foreach()  in /chroot/home/transfor/numanna.transformagency.com/html/lib/Varien/Data/Form/Element/Editor.php on line 225
2016-09-21T20:53:23+00:00 ERR (3): Warning: Invalid argument supplied for foreach()  in /chroot/home/transfor/numanna.transformagency.com/html/lib/Varien/Data/Form/Element/Editor.php on line 225
2016-09-21T20:56:18+00:00 ERR (3): Warning: Invalid argument supplied for foreach()  in /chroot/home/transfor/numanna.transformagency.com/html/lib/Varien/Data/Form/Element/Editor.php on line 225
2016-09-21T21:05:02+00:00 ERR (3): Warning: Invalid argument supplied for foreach()  in /chroot/home/transfor/numanna.transformagency.com/html/lib/Varien/Data/Form/Element/Editor.php on line 225
2016-09-21T21:07:28+00:00 ERR (3): Warning: Invalid argument supplied for foreach()  in /chroot/home/transfor/numanna.transformagency.com/html/lib/Varien/Data/Form/Element/Editor.php on line 225
2016-09-21T21:09:59+00:00 ERR (3): Warning: Invalid argument supplied for foreach()  in /chroot/home/transfor/numanna.transformagency.com/html/lib/Varien/Data/Form/Element/Editor.php on line 225
2016-09-21T22:57:54+00:00 ERR (3): Warning: Invalid argument supplied for foreach()  in /chroot/home/transfor/numanna.transformagency.com/html/lib/Varien/Data/Form/Element/Editor.php on line 225
2016-09-21T23:00:31+00:00 ERR (3): Warning: Invalid argument supplied for foreach()  in /chroot/home/transfor/numanna.transformagency.com/html/lib/Varien/Data/Form/Element/Editor.php on line 225
2016-09-22T01:08:59+00:00 ERR (3): Warning: Invalid argument supplied for foreach()  in /chroot/home/transfor/numanna.transformagency.com/html/lib/Varien/Data/Form/Element/Editor.php on line 225
2016-09-22T01:09:11+00:00 ERR (3): Warning: Invalid argument supplied for foreach()  in /chroot/home/transfor/numanna.transformagency.com/html/lib/Varien/Data/Form/Element/Editor.php on line 225
2016-09-22T20:52:18+00:00 ERR (3): Warning: Invalid argument supplied for foreach()  in /chroot/home/transfor/numanna.transformagency.com/html/lib/Varien/Data/Form/Element/Editor.php on line 225
2016-10-11T19:05:01+00:00 ERR (3): Warning: Invalid argument supplied for foreach()  in /chroot/home/transfor/numanna.transformagency.com/html/lib/Varien/Data/Form/Element/Editor.php on line 225
2016-10-11T19:07:01+00:00 ERR (3): Warning: Invalid argument supplied for foreach()  in /chroot/home/transfor/numanna.transformagency.com/html/lib/Varien/Data/Form/Element/Editor.php on line 225
2016-10-11T19:08:01+00:00 ERR (3): Warning: Invalid argument supplied for foreach()  in /chroot/home/transfor/numanna.transformagency.com/html/lib/Varien/Data/Form/Element/Editor.php on line 225
2016-10-11T19:08:39+00:00 ERR (3): Warning: Invalid argument supplied for foreach()  in /chroot/home/transfor/numanna.transformagency.com/html/lib/Varien/Data/Form/Element/Editor.php on line 225
2016-10-11T19:10:00+00:00 ERR (3): Warning: Invalid argument supplied for foreach()  in /chroot/home/transfor/numanna.transformagency.com/html/lib/Varien/Data/Form/Element/Editor.php on line 225
2016-10-11T19:17:01+00:00 ERR (3): Warning: Invalid argument supplied for foreach()  in /chroot/home/transfor/numanna.transformagency.com/html/lib/Varien/Data/Form/Element/Editor.php on line 225
2016-10-11T19:17:12+00:00 ERR (3): Warning: Invalid argument supplied for foreach()  in /chroot/home/transfor/numanna.transformagency.com/html/lib/Varien/Data/Form/Element/Editor.php on line 225
2016-10-11T19:36:50+00:00 ERR (3): Warning: Invalid argument supplied for foreach()  in /chroot/home/transfor/numanna.transformagency.com/html/lib/Varien/Data/Form/Element/Editor.php on line 225
2016-10-11T19:41:04+00:00 ERR (3): Warning: Invalid argument supplied for foreach()  in /chroot/home/transfor/numanna.transformagency.com/html/lib/Varien/Data/Form/Element/Editor.php on line 225
2016-10-11T19:41:37+00:00 ERR (3): Notice: Undefined index: currphotophoto1  in /chroot/home/transfor/numanna.transformagency.com/html/app/code/local/Transform/Slideshow/controllers/Adminhtml/SlidesController.php on line 64
2016-10-11T19:41:55+00:00 ERR (3): Warning: Invalid argument supplied for foreach()  in /chroot/home/transfor/numanna.transformagency.com/html/lib/Varien/Data/Form/Element/Editor.php on line 225
2016-10-11T19:55:32+00:00 ERR (3): Warning: Invalid argument supplied for foreach()  in /chroot/home/transfor/numanna.transformagency.com/html/lib/Varien/Data/Form/Element/Editor.php on line 225
2016-10-11T19:56:31+00:00 ERR (3): Warning: Invalid argument supplied for foreach()  in /chroot/home/transfor/numanna.transformagency.com/html/lib/Varien/Data/Form/Element/Editor.php on line 225
2016-10-11T19:57:25+00:00 ERR (3): Warning: Invalid argument supplied for foreach()  in /chroot/home/transfor/numanna.transformagency.com/html/lib/Varien/Data/Form/Element/Editor.php on line 225
2016-10-11T20:00:31+00:00 ERR (3): Warning: Invalid argument supplied for foreach()  in /chroot/home/transfor/numanna.transformagency.com/html/lib/Varien/Data/Form/Element/Editor.php on line 225
2016-10-11T20:03:56+00:00 ERR (3): Warning: Invalid argument supplied for foreach()  in /chroot/home/transfor/numanna.transformagency.com/html/lib/Varien/Data/Form/Element/Editor.php on line 225
2016-10-11T20:04:11+00:00 ERR (3): Notice: Undefined index: currphotophoto  in /chroot/home/transfor/numanna.transformagency.com/html/app/code/local/Transform/Slideshow/controllers/Adminhtml/SlidesController.php on line 64
2016-10-11T20:04:54+00:00 ERR (3): Warning: Invalid argument supplied for foreach()  in /chroot/home/transfor/numanna.transformagency.com/html/lib/Varien/Data/Form/Element/Editor.php on line 225
2016-10-11T20:24:51+00:00 ERR (3): Warning: Invalid argument supplied for foreach()  in /chroot/home/transfor/numanna.transformagency.com/html/lib/Varien/Data/Form/Element/Editor.php on line 225
2016-10-11T20:26:14+00:00 ERR (3): Notice: Undefined index: currphotophoto  in /chroot/home/transfor/numanna.transformagency.com/html/app/code/local/Transform/Slideshow/controllers/Adminhtml/SlidesController.php on line 64
2016-10-11T20:28:10+00:00 ERR (3): Warning: Invalid argument supplied for foreach()  in /chroot/home/transfor/numanna.transformagency.com/html/lib/Varien/Data/Form/Element/Editor.php on line 225
2016-10-11T20:29:26+00:00 ERR (3): Warning: Invalid argument supplied for foreach()  in /chroot/home/transfor/numanna.transformagency.com/html/lib/Varien/Data/Form/Element/Editor.php on line 225
2016-10-11T20:35:28+00:00 ERR (3): Warning: Invalid argument supplied for foreach()  in /chroot/home/transfor/numanna.transformagency.com/html/lib/Varien/Data/Form/Element/Editor.php on line 225
2016-10-11T20:37:22+00:00 ERR (3): Notice: Undefined index: currphotophoto  in /chroot/home/transfor/numanna.transformagency.com/html/app/code/local/Transform/Slideshow/controllers/Adminhtml/SlidesController.php on line 64
2016-10-11T20:51:23+00:00 ERR (3): Warning: Invalid argument supplied for foreach()  in /chroot/home/transfor/numanna.transformagency.com/html/lib/Varien/Data/Form/Element/Editor.php on line 225
2016-10-11T21:05:20+00:00 ERR (3): Warning: Invalid argument supplied for foreach()  in /chroot/home/transfor/numanna.transformagency.com/html/lib/Varien/Data/Form/Element/Editor.php on line 225
2016-10-11T21:07:34+00:00 ERR (3): Warning: Invalid argument supplied for foreach()  in /chroot/home/transfor/numanna.transformagency.com/html/lib/Varien/Data/Form/Element/Editor.php on line 225
2016-10-11T21:07:42+00:00 ERR (3): Notice: Undefined index: currphotophoto  in /chroot/home/transfor/numanna.transformagency.com/html/app/code/local/Transform/Slideshow/controllers/Adminhtml/SlidesController.php on line 64
2016-10-11T21:11:02+00:00 ERR (3): Warning: Invalid argument supplied for foreach()  in /chroot/home/transfor/numanna.transformagency.com/html/lib/Varien/Data/Form/Element/Editor.php on line 225
2016-10-11T21:11:10+00:00 ERR (3): Notice: Undefined index: currphotophoto  in /chroot/home/transfor/numanna.transformagency.com/html/app/code/local/Transform/Slideshow/controllers/Adminhtml/SlidesController.php on line 64
2016-10-11T22:35:30+00:00 ERR (3): Warning: Invalid argument supplied for foreach()  in /chroot/home/transfor/numanna.transformagency.com/html/lib/Varien/Data/Form/Element/Editor.php on line 225
2016-10-11T23:02:50+00:00 ERR (3): Warning: Invalid argument supplied for foreach()  in /chroot/home/transfor/numanna.transformagency.com/html/lib/Varien/Data/Form/Element/Editor.php on line 225
2016-10-11T23:03:07+00:00 ERR (3): Notice: Undefined index: currphotophoto1  in /chroot/home/transfor/numanna.transformagency.com/html/app/code/local/Transform/Slideshow/controllers/Adminhtml/SlidesController.php on line 64
2016-10-11T23:03:12+00:00 ERR (3): Warning: Invalid argument supplied for foreach()  in /chroot/home/transfor/numanna.transformagency.com/html/lib/Varien/Data/Form/Element/Editor.php on line 225
2016-10-11T23:12:33+00:00 ERR (3): Warning: Invalid argument supplied for foreach()  in /chroot/home/transfor/numanna.transformagency.com/html/lib/Varien/Data/Form/Element/Editor.php on line 225
2016-10-11T23:12:48+00:00 ERR (3): Notice: Undefined index: currphotophoto  in /chroot/home/transfor/numanna.transformagency.com/html/app/code/local/Transform/Slideshow/controllers/Adminhtml/SlidesController.php on line 64
2016-10-11T23:12:48+00:00 ERR (3): Notice: Undefined index: currphotophoto1  in /chroot/home/transfor/numanna.transformagency.com/html/app/code/local/Transform/Slideshow/controllers/Adminhtml/SlidesController.php on line 64
2016-10-11T23:15:46+00:00 ERR (3): Warning: Invalid argument supplied for foreach()  in /chroot/home/transfor/numanna.transformagency.com/html/lib/Varien/Data/Form/Element/Editor.php on line 225
2016-10-11T23:15:53+00:00 ERR (3): Notice: Undefined index: currphotophoto1  in /chroot/home/transfor/numanna.transformagency.com/html/app/code/local/Transform/Slideshow/controllers/Adminhtml/SlidesController.php on line 64
2016-10-11T23:18:13+00:00 ERR (3): Warning: Invalid argument supplied for foreach()  in /chroot/home/transfor/numanna.transformagency.com/html/lib/Varien/Data/Form/Element/Editor.php on line 225
2016-10-11T23:18:21+00:00 ERR (3): Notice: Undefined index: currphotophoto1  in /chroot/home/transfor/numanna.transformagency.com/html/app/code/local/Transform/Slideshow/controllers/Adminhtml/SlidesController.php on line 64
2016-10-11T23:33:14+00:00 ERR (3): Warning: Invalid argument supplied for foreach()  in /chroot/home/transfor/numanna.transformagency.com/html/lib/Varien/Data/Form/Element/Editor.php on line 225
2016-10-11T23:33:26+00:00 ERR (3): Notice: Undefined index: currphotophoto  in /chroot/home/transfor/numanna.transformagency.com/html/app/code/local/Transform/Slideshow/controllers/Adminhtml/SlidesController.php on line 64
2016-10-12T19:36:29+00:00 ERR (3): Warning: Invalid argument supplied for foreach()  in /chroot/home/transfor/numanna.transformagency.com/html/lib/Varien/Data/Form/Element/Editor.php on line 225
2016-10-12T21:52:16+00:00 ERR (3): Notice: Undefined variable: category  in /chroot/home/transfor/numanna.transformagency.com/html/app/design/frontend/numanna/default/template/categories/custom_cat.phtml on line 47
2016-10-12T22:15:38+00:00 ERR (3): Notice: Undefined variable: _description  in /chroot/home/transfor/numanna.transformagency.com/html/app/design/frontend/numanna/default/template/categories/custom_cat.phtml on line 40
2016-10-12T22:16:06+00:00 ERR (3): Notice: Undefined variable: _helper  in /chroot/home/transfor/numanna.transformagency.com/html/app/design/frontend/numanna/default/template/categories/custom_cat.phtml on line 40
2016-10-12T22:16:46+00:00 ERR (3): Notice: Undefined variable: _description  in /chroot/home/transfor/numanna.transformagency.com/html/app/design/frontend/numanna/default/template/categories/custom_cat.phtml on line 41
2016-10-12T22:16:46+00:00 ERR (3): Notice: Undefined variable: _description  in /chroot/home/transfor/numanna.transformagency.com/html/app/design/frontend/numanna/default/template/categories/custom_cat.phtml on line 41
2016-10-12T22:16:46+00:00 ERR (3): Notice: Undefined variable: _description  in /chroot/home/transfor/numanna.transformagency.com/html/app/design/frontend/numanna/default/template/categories/custom_cat.phtml on line 41
2016-10-12T22:16:46+00:00 ERR (3): Notice: Undefined variable: _description  in /chroot/home/transfor/numanna.transformagency.com/html/app/design/frontend/numanna/default/template/categories/custom_cat.phtml on line 41
2016-10-12T22:17:38+00:00 ERR (3): Notice: Undefined variable: _description  in /chroot/home/transfor/numanna.transformagency.com/html/app/design/frontend/numanna/default/template/categories/custom_cat.phtml on line 41
2016-10-12T22:17:38+00:00 ERR (3): Notice: Undefined variable: _description  in /chroot/home/transfor/numanna.transformagency.com/html/app/design/frontend/numanna/default/template/categories/custom_cat.phtml on line 41
2016-10-12T22:17:38+00:00 ERR (3): Notice: Undefined variable: _description  in /chroot/home/transfor/numanna.transformagency.com/html/app/design/frontend/numanna/default/template/categories/custom_cat.phtml on line 41
2016-10-12T22:17:38+00:00 ERR (3): Notice: Undefined variable: _description  in /chroot/home/transfor/numanna.transformagency.com/html/app/design/frontend/numanna/default/template/categories/custom_cat.phtml on line 41
2016-10-12T22:17:57+00:00 ERR (3): Notice: Undefined variable: _description  in /chroot/home/transfor/numanna.transformagency.com/html/app/design/frontend/numanna/default/template/categories/custom_cat.phtml on line 41
2016-10-12T22:17:57+00:00 ERR (3): Notice: Undefined variable: _description  in /chroot/home/transfor/numanna.transformagency.com/html/app/design/frontend/numanna/default/template/categories/custom_cat.phtml on line 41
2016-10-12T22:17:57+00:00 ERR (3): Notice: Undefined variable: _description  in /chroot/home/transfor/numanna.transformagency.com/html/app/design/frontend/numanna/default/template/categories/custom_cat.phtml on line 41
2016-10-12T22:17:57+00:00 ERR (3): Notice: Undefined variable: _description  in /chroot/home/transfor/numanna.transformagency.com/html/app/design/frontend/numanna/default/template/categories/custom_cat.phtml on line 41
2016-10-12T22:18:15+00:00 ERR (3): Notice: Undefined variable: _description  in /chroot/home/transfor/numanna.transformagency.com/html/app/design/frontend/numanna/default/template/categories/custom_cat.phtml on line 41
2016-10-12T22:18:15+00:00 ERR (3): Notice: Undefined variable: _product  in /chroot/home/transfor/numanna.transformagency.com/html/app/design/frontend/numanna/default/template/categories/custom_cat.phtml on line 57
2016-10-12T22:18:32+00:00 ERR (3): Notice: Undefined variable: _description  in /chroot/home/transfor/numanna.transformagency.com/html/app/design/frontend/numanna/default/template/categories/custom_cat.phtml on line 41
2016-10-12T22:18:32+00:00 ERR (3): Notice: Undefined variable: _product  in /chroot/home/transfor/numanna.transformagency.com/html/app/design/frontend/numanna/default/template/categories/custom_cat.phtml on line 57
2016-10-12T22:36:08+00:00 ERR (3): Notice: Undefined variable: visibility  in /chroot/home/transfor/numanna.transformagency.com/html/app/design/frontend/numanna/default/template/categories/custom_cat.phtml on line 50
2016-10-12T22:36:08+00:00 ERR (3): Notice: Undefined variable: visibility  in /chroot/home/transfor/numanna.transformagency.com/html/app/design/frontend/numanna/default/template/categories/custom_cat.phtml on line 50
2016-10-12T22:36:08+00:00 ERR (3): Notice: Undefined variable: visibility  in /chroot/home/transfor/numanna.transformagency.com/html/app/design/frontend/numanna/default/template/categories/custom_cat.phtml on line 50
2016-10-12T22:36:08+00:00 ERR (3): Notice: Undefined variable: visibility  in /chroot/home/transfor/numanna.transformagency.com/html/app/design/frontend/numanna/default/template/categories/custom_cat.phtml on line 50
2016-10-12T22:36:21+00:00 ERR (3): Notice: Undefined variable: product  in /chroot/home/transfor/numanna.transformagency.com/html/app/design/frontend/numanna/default/template/categories/custom_cat.phtml on line 70
2016-10-13T00:21:23+00:00 ERR (3): Warning: simplexml_load_string(): Entity: line 45: parser error : Opening and ending tag mismatch: br line 35 and reference  in /chroot/home/transfor/numanna.transformagency.com/html/app/code/core/Mage/Core/Model/Layout/Update.php on line 450
2016-10-13T00:21:23+00:00 ERR (3): Warning: simplexml_load_string():     &lt;/reference&gt;  in /chroot/home/transfor/numanna.transformagency.com/html/app/code/core/Mage/Core/Model/Layout/Update.php on line 450
2016-10-13T00:21:23+00:00 ERR (3): Warning: simplexml_load_string():                 ^  in /chroot/home/transfor/numanna.transformagency.com/html/app/code/core/Mage/Core/Model/Layout/Update.php on line 450
2016-10-13T00:21:23+00:00 ERR (3): Warning: simplexml_load_string(): Entity: line 47: parser error : Opening and ending tag mismatch: reference line 35 and layout  in /chroot/home/transfor/numanna.transformagency.com/html/app/code/core/Mage/Core/Model/Layout/Update.php on line 450
2016-10-13T00:21:23+00:00 ERR (3): Warning: simplexml_load_string(): &lt;/layout&gt;  in /chroot/home/transfor/numanna.transformagency.com/html/app/code/core/Mage/Core/Model/Layout/Update.php on line 450
2016-10-13T00:21:23+00:00 ERR (3): Warning: simplexml_load_string():          ^  in /chroot/home/transfor/numanna.transformagency.com/html/app/code/core/Mage/Core/Model/Layout/Update.php on line 450
2016-10-13T00:21:23+00:00 ERR (3): Warning: simplexml_load_string(): Entity: line 48: parser error : Premature end of data in tag layout line 2  in /chroot/home/transfor/numanna.transformagency.com/html/app/code/core/Mage/Core/Model/Layout/Update.php on line 450
2016-10-13T19:41:33+00:00 ERR (3): Notice: Undefined variable: i  in /chroot/home/transfor/numanna.transformagency.com/html/app/design/frontend/numanna/default/template/categories/custom_cat.phtml on line 53
2016-10-13T19:41:33+00:00 ERR (3): Notice: Undefined variable: i  in /chroot/home/transfor/numanna.transformagency.com/html/app/design/frontend/numanna/default/template/categories/custom_cat.phtml on line 58
2016-10-13T20:20:44+00:00 ERR (3): Notice: Undefined variable: _description  in /chroot/home/transfor/numanna.transformagency.com/html/app/design/frontend/numanna/default/template/categories/custom_cat.phtml on line 41
2016-10-13T20:20:44+00:00 ERR (3): Notice: Undefined variable: _description  in /chroot/home/transfor/numanna.transformagency.com/html/app/design/frontend/numanna/default/template/categories/custom_cat.phtml on line 41
2016-10-13T20:20:44+00:00 ERR (3): Notice: Undefined variable: _description  in /chroot/home/transfor/numanna.transformagency.com/html/app/design/frontend/numanna/default/template/categories/custom_cat.phtml on line 41
2016-10-13T20:20:44+00:00 ERR (3): Notice: Undefined variable: _description  in /chroot/home/transfor/numanna.transformagency.com/html/app/design/frontend/numanna/default/template/categories/custom_cat.phtml on line 41
2016-10-13T20:20:44+00:00 ERR (3): Notice: Undefined variable: _description  in /chroot/home/transfor/numanna.transformagency.com/html/app/design/frontend/numanna/default/template/categories/custom_cat.phtml on line 41
2016-10-13T20:20:44+00:00 ERR (3): Notice: Undefined variable: _description  in /chroot/home/transfor/numanna.transformagency.com/html/app/design/frontend/numanna/default/template/categories/custom_cat.phtml on line 41
2016-10-13T20:20:44+00:00 ERR (3): Notice: Undefined variable: _description  in /chroot/home/transfor/numanna.transformagency.com/html/app/design/frontend/numanna/default/template/categories/custom_cat.phtml on line 41
2016-10-13T20:20:44+00:00 ERR (3): Notice: Undefined variable: _description  in /chroot/home/transfor/numanna.transformagency.com/html/app/design/frontend/numanna/default/template/categories/custom_cat.phtml on line 41
2016-10-13T20:21:09+00:00 ERR (3): Notice: Undefined variable: _description  in /chroot/home/transfor/numanna.transformagency.com/html/app/design/frontend/numanna/default/template/categories/custom_cat.phtml on line 41
2016-10-13T20:21:51+00:00 ERR (3): Notice: Undefined variable: _description  in /chroot/home/transfor/numanna.transformagency.com/html/app/design/frontend/numanna/default/template/categories/custom_cat.phtml on line 41
2016-10-13T20:22:16+00:00 ERR (3): Warning: include(Mage/Catalog/Model/Output.php): failed to open stream: No such file or directory  in /chroot/home/transfor/numanna.transformagency.com/html/lib/Varien/Autoload.php on line 94
2016-10-13T20:22:16+00:00 ERR (3): Warning: include(): Failed opening 'Mage/Catalog/Model/Output.php' for inclusion (include_path='/chroot/home/transfor/numanna.transformagency.com/html/app/code/local:/chroot/home/transfor/numanna.transformagency.com/html/app/code/community:/chroot/home/transfor/numanna.transformagency.com/html/app/code/core:/chroot/home/transfor/numanna.transformagency.com/html/lib:.:/opt/nexcess/php55u/root/usr/share/pear:/opt/nexcess/php55u/root/usr/share/php')  in /chroot/home/transfor/numanna.transformagency.com/html/lib/Varien/Autoload.php on line 94
2016-10-13T23:10:39+00:00 ERR (3): Warning: Invalid argument supplied for foreach()  in /chroot/home/transfor/numanna.transformagency.com/html/lib/Varien/Data/Form/Element/Editor.php on line 225
2016-10-13T23:10:58+00:00 ERR (3): Notice: Undefined index: currphotophoto1  in /chroot/home/transfor/numanna.transformagency.com/html/app/code/local/Transform/Slideshow/controllers/Adminhtml/SlidesController.php on line 64
2016-10-14T20:20:25+00:00 ERR (3): Warning: Invalid argument supplied for foreach()  in /chroot/home/transfor/numanna.transformagency.com/html/lib/Varien/Data/Form/Element/Editor.php on line 225
2016-10-14T20:20:32+00:00 ERR (3): Warning: Invalid argument supplied for foreach()  in /chroot/home/transfor/numanna.transformagency.com/html/lib/Varien/Data/Form/Element/Editor.php on line 225
2016-10-14T20:21:03+00:00 ERR (3): Notice: Undefined index: currphotophoto1  in /chroot/home/transfor/numanna.transformagency.com/html/app/code/local/Transform/Slideshow/controllers/Adminhtml/SlidesController.php on line 64
2016-10-14T20:21:11+00:00 ERR (3): Warning: Invalid argument supplied for foreach()  in /chroot/home/transfor/numanna.transformagency.com/html/lib/Varien/Data/Form/Element/Editor.php on line 225
2016-10-14T20:23:21+00:00 ERR (3): Notice: Undefined index: currphotophoto1  in /chroot/home/transfor/numanna.transformagency.com/html/app/code/local/Transform/Slideshow/controllers/Adminhtml/SlidesController.php on line 64
2016-11-02T12:38:59+00:00 ERR (3): Warning: include(Mage/Tfaqs/Helper/Data.php): failed to open stream: No such file or directory  in /home/numannadev/public_html/lib/Varien/Autoload.php on line 94
2016-11-02T12:38:59+00:00 ERR (3): Warning: include(Mage/Tfaqs/Helper/Data.php): failed to open stream: No such file or directory  in /home/numannadev/public_html/lib/Varien/Autoload.php on line 94
2016-11-02T12:38:59+00:00 ERR (3): Warning: include(): Failed opening 'Mage/Tfaqs/Helper/Data.php' for inclusion (include_path='/home/numannadev/public_html/app/code/local:/home/numannadev/public_html/app/code/community:/home/numannadev/public_html/app/code/core:/home/numannadev/public_html/lib:.:/usr/lib/php:/usr/local/lib/php')  in /home/numannadev/public_html/lib/Varien/Autoload.php on line 94
2016-11-02T12:39:06+00:00 ERR (3): Warning: include(Mage/Tfaqs/Helper/Data.php): failed to open stream: No such file or directory  in /home/numannadev/public_html/lib/Varien/Autoload.php on line 94
2016-11-02T12:39:06+00:00 ERR (3): Warning: include(Mage/Tfaqs/Helper/Data.php): failed to open stream: No such file or directory  in /home/numannadev/public_html/lib/Varien/Autoload.php on line 94
2016-11-02T12:39:06+00:00 ERR (3): Warning: include(): Failed opening 'Mage/Tfaqs/Helper/Data.php' for inclusion (include_path='/home/numannadev/public_html/app/code/local:/home/numannadev/public_html/app/code/community:/home/numannadev/public_html/app/code/core:/home/numannadev/public_html/lib:.:/usr/lib/php:/usr/local/lib/php')  in /home/numannadev/public_html/lib/Varien/Autoload.php on line 94
2016-11-02T12:58:00+00:00 ERR (3): Warning: Invalid argument supplied for foreach()  in /home/numannadev/public_html/lib/Varien/Data/Form/Element/Editor.php on line 225
2016-11-02T12:58:31+00:00 ERR (3): Warning: Invalid argument supplied for foreach()  in /home/numannadev/public_html/lib/Varien/Data/Form/Element/Editor.php on line 225
2016-11-23T16:11:00+00:00 ERR (3): Warning: Invalid argument supplied for foreach()  in /home/numannadev/public_html/lib/Varien/Data/Form/Element/Editor.php on line 225
2016-11-23T16:18:36+00:00 ERR (3): Warning: Invalid argument supplied for foreach()  in /home/numannadev/public_html/lib/Varien/Data/Form/Element/Editor.php on line 225
2016-11-23T16:19:10+00:00 ERR (3): Warning: Invalid argument supplied for foreach()  in /home/numannadev/public_html/lib/Varien/Data/Form/Element/Editor.php on line 225
2016-11-23T16:21:18+00:00 ERR (3): Warning: Invalid argument supplied for foreach()  in /home/numannadev/public_html/lib/Varien/Data/Form/Element/Editor.php on line 225
2016-11-23T16:58:57+00:00 ERR (3): Warning: Invalid argument supplied for foreach()  in /home/numannadev/public_html/lib/Varien/Data/Form/Element/Editor.php on line 225
2016-11-23T16:59:04+00:00 ERR (3): Warning: Invalid argument supplied for foreach()  in /home/numannadev/public_html/lib/Varien/Data/Form/Element/Editor.php on line 225
2016-11-23T16:59:16+00:00 ERR (3): Warning: Invalid argument supplied for foreach()  in /home/numannadev/public_html/lib/Varien/Data/Form/Element/Editor.php on line 225
2016-11-23T16:59:22+00:00 ERR (3): Warning: Invalid argument supplied for foreach()  in /home/numannadev/public_html/lib/Varien/Data/Form/Element/Editor.php on line 225
2016-11-23T16:59:47+00:00 ERR (3): Warning: Invalid argument supplied for foreach()  in /home/numannadev/public_html/lib/Varien/Data/Form/Element/Editor.php on line 225
2016-11-23T17:04:49+00:00 ERR (3): Warning: Invalid argument supplied for foreach()  in /home/numannadev/public_html/lib/Varien/Data/Form/Element/Editor.php on line 225
2016-11-23T17:05:39+00:00 ERR (3): Warning: Invalid argument supplied for foreach()  in /home/numannadev/public_html/lib/Varien/Data/Form/Element/Editor.php on line 225
2016-11-23T17:06:51+00:00 ERR (3): Warning: Invalid argument supplied for foreach()  in /home/numannadev/public_html/lib/Varien/Data/Form/Element/Editor.php on line 225
2016-11-23T17:07:21+00:00 ERR (3): Warning: Invalid argument supplied for foreach()  in /home/numannadev/public_html/lib/Varien/Data/Form/Element/Editor.php on line 225
2016-11-23T17:09:15+00:00 ERR (3): Warning: Invalid argument supplied for foreach()  in /home/numannadev/public_html/lib/Varien/Data/Form/Element/Editor.php on line 225
2016-11-23T17:10:37+00:00 ERR (3): Warning: Invalid argument supplied for foreach()  in /home/numannadev/public_html/lib/Varien/Data/Form/Element/Editor.php on line 225
2016-11-23T17:11:16+00:00 ERR (3): Warning: Invalid argument supplied for foreach()  in /home/numannadev/public_html/lib/Varien/Data/Form/Element/Editor.php on line 225
2016-11-23T17:12:25+00:00 ERR (3): Warning: Invalid argument supplied for foreach()  in /home/numannadev/public_html/lib/Varien/Data/Form/Element/Editor.php on line 225
2016-11-23T17:12:49+00:00 ERR (3): Warning: Invalid argument supplied for foreach()  in /home/numannadev/public_html/lib/Varien/Data/Form/Element/Editor.php on line 225
2016-11-23T17:15:10+00:00 ERR (3): Warning: Invalid argument supplied for foreach()  in /home/numannadev/public_html/lib/Varien/Data/Form/Element/Editor.php on line 225
2016-11-23T17:16:32+00:00 ERR (3): Warning: Invalid argument supplied for foreach()  in /home/numannadev/public_html/lib/Varien/Data/Form/Element/Editor.php on line 225
2016-11-23T17:17:05+00:00 ERR (3): Warning: Invalid argument supplied for foreach()  in /home/numannadev/public_html/lib/Varien/Data/Form/Element/Editor.php on line 225
2016-11-23T17:19:57+00:00 ERR (3): Warning: Invalid argument supplied for foreach()  in /home/numannadev/public_html/lib/Varien/Data/Form/Element/Editor.php on line 225
2016-11-23T17:20:57+00:00 ERR (3): Warning: Invalid argument supplied for foreach()  in /home/numannadev/public_html/lib/Varien/Data/Form/Element/Editor.php on line 225
2016-11-23T17:23:47+00:00 ERR (3): Warning: Invalid argument supplied for foreach()  in /home/numannadev/public_html/lib/Varien/Data/Form/Element/Editor.php on line 225
2016-11-23T17:24:31+00:00 ERR (3): Warning: Invalid argument supplied for foreach()  in /home/numannadev/public_html/lib/Varien/Data/Form/Element/Editor.php on line 225
2016-11-23T17:25:52+00:00 ERR (3): Warning: Invalid argument supplied for foreach()  in /home/numannadev/public_html/lib/Varien/Data/Form/Element/Editor.php on line 225
2016-11-23T17:26:36+00:00 ERR (3): Warning: Invalid argument supplied for foreach()  in /home/numannadev/public_html/lib/Varien/Data/Form/Element/Editor.php on line 225
2016-11-23T17:27:10+00:00 ERR (3): Warning: Invalid argument supplied for foreach()  in /home/numannadev/public_html/lib/Varien/Data/Form/Element/Editor.php on line 225
2016-11-23T17:28:25+00:00 ERR (3): Warning: Invalid argument supplied for foreach()  in /home/numannadev/public_html/lib/Varien/Data/Form/Element/Editor.php on line 225
2016-11-23T17:37:21+00:00 ERR (3): Warning: Invalid argument supplied for foreach()  in /home/numannadev/public_html/lib/Varien/Data/Form/Element/Editor.php on line 225
2016-11-23T17:40:04+00:00 ERR (3): Warning: Invalid argument supplied for foreach()  in /home/numannadev/public_html/lib/Varien/Data/Form/Element/Editor.php on line 225
2016-11-23T17:42:04+00:00 ERR (3): Warning: Invalid argument supplied for foreach()  in /home/numannadev/public_html/lib/Varien/Data/Form/Element/Editor.php on line 225
2016-11-23T17:43:18+00:00 ERR (3): Warning: Invalid argument supplied for foreach()  in /home/numannadev/public_html/lib/Varien/Data/Form/Element/Editor.php on line 225
2016-11-23T17:44:41+00:00 ERR (3): Warning: Invalid argument supplied for foreach()  in /home/numannadev/public_html/lib/Varien/Data/Form/Element/Editor.php on line 225
2016-11-23T17:46:00+00:00 ERR (3): Warning: Invalid argument supplied for foreach()  in /home/numannadev/public_html/lib/Varien/Data/Form/Element/Editor.php on line 225
2016-11-23T17:46:34+00:00 ERR (3): Warning: Invalid argument supplied for foreach()  in /home/numannadev/public_html/lib/Varien/Data/Form/Element/Editor.php on line 225
2016-11-23T17:48:30+00:00 ERR (3): Warning: Invalid argument supplied for foreach()  in /home/numannadev/public_html/lib/Varien/Data/Form/Element/Editor.php on line 225
2016-11-23T17:49:26+00:00 ERR (3): Warning: Invalid argument supplied for foreach()  in /home/numannadev/public_html/lib/Varien/Data/Form/Element/Editor.php on line 225
2016-11-23T17:50:12+00:00 ERR (3): Warning: Invalid argument supplied for foreach()  in /home/numannadev/public_html/lib/Varien/Data/Form/Element/Editor.php on line 225
2016-11-23T17:53:54+00:00 ERR (3): Warning: Invalid argument supplied for foreach()  in /home/numannadev/public_html/lib/Varien/Data/Form/Element/Editor.php on line 225
2016-11-23T18:01:18+00:00 ERR (3): Warning: Invalid argument supplied for foreach()  in /home/numannadev/public_html/lib/Varien/Data/Form/Element/Editor.php on line 225
2016-11-23T18:07:11+00:00 ERR (3): Warning: Invalid argument supplied for foreach()  in /home/numannadev/public_html/lib/Varien/Data/Form/Element/Editor.php on line 225
2016-11-23T18:07:50+00:00 ERR (3): Warning: Invalid argument supplied for foreach()  in /home/numannadev/public_html/lib/Varien/Data/Form/Element/Editor.php on line 225
2016-11-23T18:23:00+00:00 ERR (3): Warning: Invalid argument supplied for foreach()  in /home/numannadev/public_html/lib/Varien/Data/Form/Element/Editor.php on line 225
2016-11-23T18:24:00+00:00 ERR (3): Warning: Invalid argument supplied for foreach()  in /home/numannadev/public_html/lib/Varien/Data/Form/Element/Editor.php on line 225
2016-11-23T18:26:05+00:00 ERR (3): Warning: Invalid argument supplied for foreach()  in /home/numannadev/public_html/lib/Varien/Data/Form/Element/Editor.php on line 225
2016-11-23T18:27:35+00:00 ERR (3): Warning: Invalid argument supplied for foreach()  in /home/numannadev/public_html/lib/Varien/Data/Form/Element/Editor.php on line 225
2016-11-23T18:32:58+00:00 ERR (3): Warning: Invalid argument supplied for foreach()  in /home/numannadev/public_html/lib/Varien/Data/Form/Element/Editor.php on line 225
2016-11-23T19:05:15+00:00 ERR (3): Warning: Invalid argument supplied for foreach()  in /home/numannadev/public_html/lib/Varien/Data/Form/Element/Editor.php on line 225
2016-11-23T19:08:47+00:00 ERR (3): Warning: Invalid argument supplied for foreach()  in /home/numannadev/public_html/lib/Varien/Data/Form/Element/Editor.php on line 225
2016-11-30T16:15:36+00:00 ERR (3): Warning: Invalid argument supplied for foreach()  in /home/numannadev/public_html/lib/Varien/Data/Form/Element/Editor.php on line 225
2016-11-30T16:16:50+00:00 ERR (3): Warning: Invalid argument supplied for foreach()  in /home/numannadev/public_html/lib/Varien/Data/Form/Element/Editor.php on line 225
2016-11-30T16:21:24+00:00 ERR (3): Warning: Invalid argument supplied for foreach()  in /home/numannadev/public_html/lib/Varien/Data/Form/Element/Editor.php on line 225
2016-11-30T18:12:21+00:00 ERR (3): Warning: include(Mage/Tfaqs/Helper/Data.php): failed to open stream: No such file or directory  in /home/numannadev/public_html/lib/Varien/Autoload.php on line 94
2016-11-30T18:12:21+00:00 ERR (3): Warning: include(Mage/Tfaqs/Helper/Data.php): failed to open stream: No such file or directory  in /home/numannadev/public_html/lib/Varien/Autoload.php on line 94
2016-11-30T18:12:21+00:00 ERR (3): Warning: include(): Failed opening 'Mage/Tfaqs/Helper/Data.php' for inclusion (include_path='/home/numannadev/public_html/app/code/local:/home/numannadev/public_html/app/code/community:/home/numannadev/public_html/app/code/core:/home/numannadev/public_html/lib:.:/usr/lib/php:/usr/local/lib/php')  in /home/numannadev/public_html/lib/Varien/Autoload.php on line 94
2016-11-30T18:12:33+00:00 ERR (3): Warning: include(Mage/Tfaqs/Helper/Data.php): failed to open stream: No such file or directory  in /home/numannadev/public_html/lib/Varien/Autoload.php on line 94
2016-11-30T18:12:33+00:00 ERR (3): Warning: include(Mage/Tfaqs/Helper/Data.php): failed to open stream: No such file or directory  in /home/numannadev/public_html/lib/Varien/Autoload.php on line 94
2016-11-30T18:12:33+00:00 ERR (3): Warning: include(): Failed opening 'Mage/Tfaqs/Helper/Data.php' for inclusion (include_path='/home/numannadev/public_html/app/code/local:/home/numannadev/public_html/app/code/community:/home/numannadev/public_html/app/code/core:/home/numannadev/public_html/lib:.:/usr/lib/php:/usr/local/lib/php')  in /home/numannadev/public_html/lib/Varien/Autoload.php on line 94
2016-11-30T18:13:24+00:00 ERR (3): Warning: include(Transform/Slideshow/Model/Transitiontype.php): failed to open stream: No such file or directory  in /home/numannadev/public_html/lib/Varien/Autoload.php on line 94
2016-11-30T18:13:24+00:00 ERR (3): Warning: include(Transform/Slideshow/Model/Transitiontype.php): failed to open stream: No such file or directory  in /home/numannadev/public_html/lib/Varien/Autoload.php on line 94
2016-11-30T18:13:24+00:00 ERR (3): Warning: include(): Failed opening 'Transform/Slideshow/Model/Transitiontype.php' for inclusion (include_path='/home/numannadev/public_html/app/code/local:/home/numannadev/public_html/app/code/community:/home/numannadev/public_html/app/code/core:/home/numannadev/public_html/lib:.:/usr/lib/php:/usr/local/lib/php')  in /home/numannadev/public_html/lib/Varien/Autoload.php on line 94
2016-11-30T18:13:41+00:00 ERR (3): Warning: include(Mage/Tfaqs/Helper/Data.php): failed to open stream: No such file or directory  in /home/numannadev/public_html/lib/Varien/Autoload.php on line 94
2016-11-30T18:13:41+00:00 ERR (3): Warning: include(Mage/Tfaqs/Helper/Data.php): failed to open stream: No such file or directory  in /home/numannadev/public_html/lib/Varien/Autoload.php on line 94
2016-11-30T18:13:41+00:00 ERR (3): Warning: include(): Failed opening 'Mage/Tfaqs/Helper/Data.php' for inclusion (include_path='/home/numannadev/public_html/app/code/local:/home/numannadev/public_html/app/code/community:/home/numannadev/public_html/app/code/core:/home/numannadev/public_html/lib:.:/usr/lib/php:/usr/local/lib/php')  in /home/numannadev/public_html/lib/Varien/Autoload.php on line 94
2016-11-30T18:14:21+00:00 ERR (3): Warning: include(Mage/Tfaqs/Helper/Data.php): failed to open stream: No such file or directory  in /home/numannadev/public_html/lib/Varien/Autoload.php on line 94
2016-11-30T18:14:21+00:00 ERR (3): Warning: include(Mage/Tfaqs/Helper/Data.php): failed to open stream: No such file or directory  in /home/numannadev/public_html/lib/Varien/Autoload.php on line 94
2016-11-30T18:14:21+00:00 ERR (3): Warning: include(): Failed opening 'Mage/Tfaqs/Helper/Data.php' for inclusion (include_path='/home/numannadev/public_html/app/code/local:/home/numannadev/public_html/app/code/community:/home/numannadev/public_html/app/code/core:/home/numannadev/public_html/lib:.:/usr/lib/php:/usr/local/lib/php')  in /home/numannadev/public_html/lib/Varien/Autoload.php on line 94
2016-11-30T18:16:34+00:00 ERR (3): Warning: include(Mage/Tfaqs/Helper/Data.php): failed to open stream: No such file or directory  in /home/numannadev/public_html/lib/Varien/Autoload.php on line 94
2016-11-30T18:16:34+00:00 ERR (3): Warning: include(Mage/Tfaqs/Helper/Data.php): failed to open stream: No such file or directory  in /home/numannadev/public_html/lib/Varien/Autoload.php on line 94
2016-11-30T18:16:34+00:00 ERR (3): Warning: include(): Failed opening 'Mage/Tfaqs/Helper/Data.php' for inclusion (include_path='/home/numannadev/public_html/app/code/local:/home/numannadev/public_html/app/code/community:/home/numannadev/public_html/app/code/core:/home/numannadev/public_html/lib:.:/usr/lib/php:/usr/local/lib/php')  in /home/numannadev/public_html/lib/Varien/Autoload.php on line 94
2016-11-30T18:21:08+00:00 ERR (3): Warning: include(Mage/Tfaqs/Helper/Data.php): failed to open stream: No such file or directory  in /home/numannadev/public_html/lib/Varien/Autoload.php on line 94
2016-11-30T18:21:08+00:00 ERR (3): Warning: include(Mage/Tfaqs/Helper/Data.php): failed to open stream: No such file or directory  in /home/numannadev/public_html/lib/Varien/Autoload.php on line 94
2016-11-30T18:21:08+00:00 ERR (3): Warning: include(): Failed opening 'Mage/Tfaqs/Helper/Data.php' for inclusion (include_path='/home/numannadev/public_html/app/code/local:/home/numannadev/public_html/app/code/community:/home/numannadev/public_html/app/code/core:/home/numannadev/public_html/lib:.:/usr/lib/php:/usr/local/lib/php')  in /home/numannadev/public_html/lib/Varien/Autoload.php on line 94
2016-12-14T20:09:57+00:00 ERR (3): Warning: include(../contacts/form.phtml): failed to open stream: No such file or directory  in /home/numannadev/public_html/app/design/frontend/numanna/default/template/faq/faq.phtml on line 43
2016-12-14T20:09:57+00:00 ERR (3): Warning: include(../contacts/form.phtml): failed to open stream: No such file or directory  in /home/numannadev/public_html/app/design/frontend/numanna/default/template/faq/faq.phtml on line 43
2016-12-14T20:09:57+00:00 ERR (3): Warning: include(): Failed opening '../contacts/form.phtml' for inclusion (include_path='/home/numannadev/public_html/app/code/local:/home/numannadev/public_html/app/code/community:/home/numannadev/public_html/app/code/core:/home/numannadev/public_html/lib:.:/usr/lib/php:/usr/local/lib/php')  in /home/numannadev/public_html/app/design/frontend/numanna/default/template/faq/faq.phtml on line 43
2016-12-14T20:13:40+00:00 ERR (3): Warning: include(): http:// wrapper is disabled in the server configuration by allow_url_include=0  in /home/numannadev/public_html/app/design/frontend/numanna/default/template/faq/faq.phtml on line 43
2016-12-14T20:13:40+00:00 ERR (3): Warning: include(http://23.235.200.9/app/design/frontend/numanna/default/template/contacts/form.phtml): failed to open stream: no suitable wrapper could be found  in /home/numannadev/public_html/app/design/frontend/numanna/default/template/faq/faq.phtml on line 43
2016-12-14T20:13:40+00:00 ERR (3): Warning: include(): Failed opening 'http://23.235.200.9/app/design/frontend/numanna/default/template/contacts/form.phtml' for inclusion (include_path='/home/numannadev/public_html/app/code/local:/home/numannadev/public_html/app/code/community:/home/numannadev/public_html/app/code/core:/home/numannadev/public_html/lib:.:/usr/lib/php:/usr/local/lib/php')  in /home/numannadev/public_html/app/design/frontend/numanna/default/template/faq/faq.phtml on line 43
2016-12-15T16:25:51+00:00 ERR (3): Warning: SimpleXMLElement::__construct(): Entity: line 1: parser error : Space required after the Public Identifier  in /home/numannadev/public_html/app/code/core/Mage/AdminNotification/Model/Feed.php on line 173
2016-12-15T16:25:51+00:00 ERR (3): Warning: SimpleXMLElement::__construct(): &lt;!DOCTYPE HTML PUBLIC &quot;-//IETF//DTD HTML 2.0//EN&quot;&gt;  in /home/numannadev/public_html/app/code/core/Mage/AdminNotification/Model/Feed.php on line 173
2016-12-15T16:25:51+00:00 ERR (3): Warning: SimpleXMLElement::__construct():                                                  ^  in /home/numannadev/public_html/app/code/core/Mage/AdminNotification/Model/Feed.php on line 173
2016-12-15T16:25:51+00:00 ERR (3): Warning: SimpleXMLElement::__construct(): Entity: line 1: parser error : SystemLiteral &quot; or ' expected  in /home/numannadev/public_html/app/code/core/Mage/AdminNotification/Model/Feed.php on line 173
2016-12-15T16:25:51+00:00 ERR (3): Warning: SimpleXMLElement::__construct(): &lt;!DOCTYPE HTML PUBLIC &quot;-//IETF//DTD HTML 2.0//EN&quot;&gt;  in /home/numannadev/public_html/app/code/core/Mage/AdminNotification/Model/Feed.php on line 173
2016-12-15T16:25:51+00:00 ERR (3): Warning: SimpleXMLElement::__construct():                                                  ^  in /home/numannadev/public_html/app/code/core/Mage/AdminNotification/Model/Feed.php on line 173
2016-12-15T16:25:51+00:00 ERR (3): Warning: SimpleXMLElement::__construct(): Entity: line 1: parser error : SYSTEM or PUBLIC, the URI is missing  in /home/numannadev/public_html/app/code/core/Mage/AdminNotification/Model/Feed.php on line 173
2016-12-15T16:25:51+00:00 ERR (3): Warning: SimpleXMLElement::__construct(): &lt;!DOCTYPE HTML PUBLIC &quot;-//IETF//DTD HTML 2.0//EN&quot;&gt;  in /home/numannadev/public_html/app/code/core/Mage/AdminNotification/Model/Feed.php on line 173
2016-12-15T16:25:51+00:00 ERR (3): Warning: SimpleXMLElement::__construct():                                                  ^  in /home/numannadev/public_html/app/code/core/Mage/AdminNotification/Model/Feed.php on line 173
2016-12-15T16:25:51+00:00 ERR (3): Warning: SimpleXMLElement::__construct(): Entity: line 10: parser error : Opening and ending tag mismatch: hr line 8 and body  in /home/numannadev/public_html/app/code/core/Mage/AdminNotification/Model/Feed.php on line 173
2016-12-15T16:25:51+00:00 ERR (3): Warning: SimpleXMLElement::__construct(): &lt;/body&gt;&lt;/html&gt;  in /home/numannadev/public_html/app/code/core/Mage/AdminNotification/Model/Feed.php on line 173
2016-12-15T16:25:51+00:00 ERR (3): Warning: SimpleXMLElement::__construct():        ^  in /home/numannadev/public_html/app/code/core/Mage/AdminNotification/Model/Feed.php on line 173
2016-12-15T16:25:51+00:00 ERR (3): Warning: SimpleXMLElement::__construct(): Entity: line 10: parser error : Opening and ending tag mismatch: body line 4 and html  in /home/numannadev/public_html/app/code/core/Mage/AdminNotification/Model/Feed.php on line 173
2016-12-15T16:25:51+00:00 ERR (3): Warning: SimpleXMLElement::__construct(): &lt;/body&gt;&lt;/html&gt;  in /home/numannadev/public_html/app/code/core/Mage/AdminNotification/Model/Feed.php on line 173
2016-12-15T16:25:51+00:00 ERR (3): Warning: SimpleXMLElement::__construct():               ^  in /home/numannadev/public_html/app/code/core/Mage/AdminNotification/Model/Feed.php on line 173
2016-12-15T16:25:51+00:00 ERR (3): Warning: SimpleXMLElement::__construct(): Entity: line 10: parser error : Premature end of data in tag html line 2  in /home/numannadev/public_html/app/code/core/Mage/AdminNotification/Model/Feed.php on line 173
2016-12-15T16:25:51+00:00 ERR (3): Warning: SimpleXMLElement::__construct(): &lt;/body&gt;&lt;/html&gt;  in /home/numannadev/public_html/app/code/core/Mage/AdminNotification/Model/Feed.php on line 173
2016-12-15T16:25:51+00:00 ERR (3): Warning: SimpleXMLElement::__construct():               ^  in /home/numannadev/public_html/app/code/core/Mage/AdminNotification/Model/Feed.php on line 173
2016-12-22T11:41:24+00:00 ERR (3): Warning: Unknown: write failed: Disk quota exceeded (122)  in Unknown on line 0
2016-12-22T11:41:24+00:00 ERR (3): Warning: Unknown: Failed to write session data (files). Please verify that the current setting of session.save_path is correct (/home/numannadev/public_html/var/session)  in Unknown on line 0
2016-12-22T11:42:21+00:00 ERR (3): Warning: Unknown: write failed: Disk quota exceeded (122)  in Unknown on line 0
2016-12-22T11:42:21+00:00 ERR (3): Warning: Unknown: Failed to write session data (files). Please verify that the current setting of session.save_path is correct (/home/numannadev/public_html/var/session)  in Unknown on line 0
2016-12-22T12:05:02+00:00 ERR (3): Warning: Unknown: write failed: Disk quota exceeded (122)  in Unknown on line 0
2016-12-22T12:05:02+00:00 ERR (3): Warning: Unknown: Failed to write session data (files). Please verify that the current setting of session.save_path is correct (/home/numannadev/public_html/var/session)  in